2025-03-28 16:33:12,545 - ERROR - Error en la evaluaci√≥n: None
2025-03-28 16:47:24,382 - ERROR - Error en la evaluaci√≥n: None
2025-03-28 16:48:45,113 - ERROR - Error en la evaluaci√≥n: None
2025-03-28 16:50:07,431 - ERROR - Error en la evaluaci√≥n: None
2025-03-28 16:57:26,190 - ERROR - Error en la evaluaci√≥n: None
2025-03-28 16:59:08,686 - ERROR - Error en la evaluaci√≥n: None
2025-03-28 17:00:13,722 - ERROR - Error en la l√≠nea 1, columna 0: mismatched input 'program' expecting 'hola'
2025-03-28 17:00:13,723 - ERROR - Error en la evaluaci√≥n: None
2025-03-28 17:02:13,828 - ERROR - Error en la l√≠nea 1, columna 0: mismatched input 'program' expecting 'hola'
2025-03-28 17:02:13,830 - ERROR - Error en la evaluaci√≥n: None
2025-03-28 17:03:05,875 - ERROR - Error en la evaluaci√≥n: None
2025-03-28 23:43:52,423 - ERROR - Error en la evaluaci√≥n: None
2025-03-29 00:09:57,284 - ERROR - Ocurri√≥ un error durante el an√°lisis: Error de tipo: Se esperaba un entero para 'res', pero se obtuvo decimal
2025-03-29 00:09:57,285 - ERROR - Detalles del error: Traceback (most recent call last):
  File "/home/vre_fedorin/ProyectoCompiladores/Antlr4/main.py", line 97, in main
    result = visitor.visit(tree)  # Evaluamos el √°rbol utilizando el visitor
  File "/home/vre_fedorin/ProyectoCompiladores/.venv/lib64/python3.13/site-packages/antlr4/tree/Tree.py", line 34, in visit
    return tree.accept(self)
           ~~~~~~~~~~~^^^^^^
  File "/home/vre_fedorin/ProyectoCompiladores/Antlr4/ExprParser.py", line 223, in accept
    return visitor.visitGramatica(self)
           ~~~~~~~~~~~~~~~~~~~~~~^^^^^^
  File "/home/vre_fedorin/ProyectoCompiladores/Antlr4/PersonalizatedVisitor.py", line 20, in visitGramatica
    return self.visitChildren(ctx)
           ~~~~~~~~~~~~~~~~~~^^^^^
  File "/home/vre_fedorin/ProyectoCompiladores/.venv/lib64/python3.13/site-packages/antlr4/tree/Tree.py", line 44, in visitChildren
    childResult = c.accept(self)
  File "/home/vre_fedorin/ProyectoCompiladores/Antlr4/ExprParser.py", line 282, in accept
    return visitor.visitPrograma(self)
           ~~~~~~~~~~~~~~~~~~~~~^^^^^^
  File "/home/vre_fedorin/ProyectoCompiladores/Antlr4/PersonalizatedVisitor.py", line 24, in visitPrograma
    return self.visitChildren(ctx)
           ~~~~~~~~~~~~~~~~~~^^^^^
  File "/home/vre_fedorin/ProyectoCompiladores/.venv/lib64/python3.13/site-packages/antlr4/tree/Tree.py", line 44, in visitChildren
    childResult = c.accept(self)
  File "/home/vre_fedorin/ProyectoCompiladores/Antlr4/ExprParser.py", line 339, in accept
    return visitor.visitBloque(self)
           ~~~~~~~~~~~~~~~~~~~^^^^^^
  File "/home/vre_fedorin/ProyectoCompiladores/Antlr4/PersonalizatedVisitor.py", line 33, in visitBloque
    result = self.visitChildren(ctx)
  File "/home/vre_fedorin/ProyectoCompiladores/.venv/lib64/python3.13/site-packages/antlr4/tree/Tree.py", line 44, in visitChildren
    childResult = c.accept(self)
  File "/home/vre_fedorin/ProyectoCompiladores/Antlr4/ExprParser.py", line 428, in accept
    return visitor.visitSentencia(self)
           ~~~~~~~~~~~~~~~~~~~~~~^^^^^^
  File "/home/vre_fedorin/ProyectoCompiladores/Antlr4/PersonalizatedVisitor.py", line 45, in visitSentencia
    return super().visitSentencia(ctx)
           ~~~~~~~~~~~~~~~~~~~~~~^^^^^
  File "/home/vre_fedorin/ProyectoCompiladores/Antlr4/visitors/ExprStatementVisitor.py", line 19, in visitSentencia
    return self.visitDeclaracion(ctx.declaracion())
           ~~~~~~~~~~~~~~~~~~~~~^^^^^^^^^^^^^^^^^^^
  File "/home/vre_fedorin/ProyectoCompiladores/Antlr4/PersonalizatedVisitor.py", line 89, in visitDeclaracion
    super().visitDeclaracion(ctx)
    ~~~~~~~~~~~~~~~~~~~~~~~~^^^^^
  File "/home/vre_fedorin/ProyectoCompiladores/Antlr4/visitors/ExprVariableVisitor.py", line 12, in visitDeclaracion
    raise TypeError(f"Error de tipo: Se esperaba un entero para '{var_name}', pero se obtuvo {self.traducir_tipo(value)}")
TypeError: Error de tipo: Se esperaba un entero para 'res', pero se obtuvo decimal

2025-03-29 00:25:13,142 - ERROR - Ocurri√≥ un error durante el an√°lisis: Variable 'x' no definida.
2025-03-29 00:25:13,143 - ERROR - Detalles del error: Traceback (most recent call last):
  File "/home/vre_fedorin/ProyectoCompiladores/Antlr4/main.py", line 97, in main
    result = visitor.visit(tree)  # Evaluamos el √°rbol utilizando el visitor
  File "/home/vre_fedorin/ProyectoCompiladores/.venv/lib64/python3.13/site-packages/antlr4/tree/Tree.py", line 34, in visit
    return tree.accept(self)
           ~~~~~~~~~~~^^^^^^
  File "/home/vre_fedorin/ProyectoCompiladores/Antlr4/ExprParser.py", line 223, in accept
    return visitor.visitGramatica(self)
           ~~~~~~~~~~~~~~~~~~~~~~^^^^^^
  File "/home/vre_fedorin/ProyectoCompiladores/Antlr4/PersonalizatedVisitor.py", line 20, in visitGramatica
    return self.visitChildren(ctx)
           ~~~~~~~~~~~~~~~~~~^^^^^
  File "/home/vre_fedorin/ProyectoCompiladores/.venv/lib64/python3.13/site-packages/antlr4/tree/Tree.py", line 44, in visitChildren
    childResult = c.accept(self)
  File "/home/vre_fedorin/ProyectoCompiladores/Antlr4/ExprParser.py", line 282, in accept
    return visitor.visitPrograma(self)
           ~~~~~~~~~~~~~~~~~~~~~^^^^^^
  File "/home/vre_fedorin/ProyectoCompiladores/Antlr4/PersonalizatedVisitor.py", line 24, in visitPrograma
    return self.visitChildren(ctx)
           ~~~~~~~~~~~~~~~~~~^^^^^
  File "/home/vre_fedorin/ProyectoCompiladores/.venv/lib64/python3.13/site-packages/antlr4/tree/Tree.py", line 44, in visitChildren
    childResult = c.accept(self)
  File "/home/vre_fedorin/ProyectoCompiladores/Antlr4/ExprParser.py", line 339, in accept
    return visitor.visitBloque(self)
           ~~~~~~~~~~~~~~~~~~~^^^^^^
  File "/home/vre_fedorin/ProyectoCompiladores/Antlr4/PersonalizatedVisitor.py", line 33, in visitBloque
    result = self.visitChildren(ctx)
  File "/home/vre_fedorin/ProyectoCompiladores/.venv/lib64/python3.13/site-packages/antlr4/tree/Tree.py", line 44, in visitChildren
    childResult = c.accept(self)
  File "/home/vre_fedorin/ProyectoCompiladores/Antlr4/ExprParser.py", line 428, in accept
    return visitor.visitSentencia(self)
           ~~~~~~~~~~~~~~~~~~~~~~^^^^^^
  File "/home/vre_fedorin/ProyectoCompiladores/Antlr4/PersonalizatedVisitor.py", line 45, in visitSentencia
    return super().visitSentencia(ctx)
           ~~~~~~~~~~~~~~~~~~~~~~^^^^^
  File "/home/vre_fedorin/ProyectoCompiladores/Antlr4/visitors/ExprStatementVisitor.py", line 19, in visitSentencia
    return self.visitDeclaracion(ctx.declaracion())
           ~~~~~~~~~~~~~~~~~~~~~^^^^^^^^^^^^^^^^^^^
  File "/home/vre_fedorin/ProyectoCompiladores/Antlr4/PersonalizatedVisitor.py", line 89, in visitDeclaracion
    super().visitDeclaracion(ctx)
    ~~~~~~~~~~~~~~~~~~~~~~~~^^^^^
  File "/home/vre_fedorin/ProyectoCompiladores/Antlr4/visitors/ExprVariableVisitor.py", line 9, in visitDeclaracion
    value = self.visit(ctx.expr())
  File "/home/vre_fedorin/ProyectoCompiladores/.venv/lib64/python3.13/site-packages/antlr4/tree/Tree.py", line 34, in visit
    return tree.accept(self)
           ~~~~~~~~~~~^^^^^^
  File "/home/vre_fedorin/ProyectoCompiladores/Antlr4/ExprParser.py", line 1584, in accept
    return visitor.visitExpr(self)
           ~~~~~~~~~~~~~~~~~^^^^^^
  File "/home/vre_fedorin/ProyectoCompiladores/Antlr4/PersonalizatedVisitor.py", line 104, in visitExpr
    left = self.visit(ctx.getChild(0))
  File "/home/vre_fedorin/ProyectoCompiladores/.venv/lib64/python3.13/site-packages/antlr4/tree/Tree.py", line 34, in visit
    return tree.accept(self)
           ~~~~~~~~~~~^^^^^^
  File "/home/vre_fedorin/ProyectoCompiladores/Antlr4/ExprParser.py", line 1696, in accept
    return visitor.visitTerm(self)
           ~~~~~~~~~~~~~~~~~^^^^^^
  File "/home/vre_fedorin/ProyectoCompiladores/Antlr4/PersonalizatedVisitor.py", line 136, in visitTerm
    return self.visit(ctx.getChild(0))
           ~~~~~~~~~~^^^^^^^^^^^^^^^^^
  File "/home/vre_fedorin/ProyectoCompiladores/.venv/lib64/python3.13/site-packages/antlr4/tree/Tree.py", line 34, in visit
    return tree.accept(self)
           ~~~~~~~~~~~^^^^^^
  File "/home/vre_fedorin/ProyectoCompiladores/Antlr4/ExprParser.py", line 1797, in accept
    return visitor.visitFactor(self)
           ~~~~~~~~~~~~~~~~~~~^^^^^^
  File "/home/vre_fedorin/ProyectoCompiladores/Antlr4/PersonalizatedVisitor.py", line 164, in visitFactor
    return super().get_variable(var_name)
           ~~~~~~~~~~~~~~~~~~~~^^^^^^^^^^
  File "/home/vre_fedorin/ProyectoCompiladores/Antlr4/visitors/ExprBaseVisitor.py", line 27, in get_variable
    raise NameError(f"Variable '{name}' no definida.")
NameError: Variable 'x' no definida.

2025-03-29 00:26:29,499 - ERROR - Ocurri√≥ un error durante el an√°lisis: Variable 'x' no definida.
2025-03-29 00:26:29,500 - ERROR - Detalles del error: Traceback (most recent call last):
  File "/home/vre_fedorin/ProyectoCompiladores/Antlr4/main.py", line 97, in main
    result = visitor.visit(tree)  # Evaluamos el √°rbol utilizando el visitor
  File "/home/vre_fedorin/ProyectoCompiladores/.venv/lib64/python3.13/site-packages/antlr4/tree/Tree.py", line 34, in visit
    return tree.accept(self)
           ~~~~~~~~~~~^^^^^^
  File "/home/vre_fedorin/ProyectoCompiladores/Antlr4/ExprParser.py", line 223, in accept
    return visitor.visitGramatica(self)
           ~~~~~~~~~~~~~~~~~~~~~~^^^^^^
  File "/home/vre_fedorin/ProyectoCompiladores/Antlr4/PersonalizatedVisitor.py", line 20, in visitGramatica
    return self.visitChildren(ctx)
           ~~~~~~~~~~~~~~~~~~^^^^^
  File "/home/vre_fedorin/ProyectoCompiladores/.venv/lib64/python3.13/site-packages/antlr4/tree/Tree.py", line 44, in visitChildren
    childResult = c.accept(self)
  File "/home/vre_fedorin/ProyectoCompiladores/Antlr4/ExprParser.py", line 282, in accept
    return visitor.visitPrograma(self)
           ~~~~~~~~~~~~~~~~~~~~~^^^^^^
  File "/home/vre_fedorin/ProyectoCompiladores/Antlr4/PersonalizatedVisitor.py", line 24, in visitPrograma
    return self.visitChildren(ctx)
           ~~~~~~~~~~~~~~~~~~^^^^^
  File "/home/vre_fedorin/ProyectoCompiladores/.venv/lib64/python3.13/site-packages/antlr4/tree/Tree.py", line 44, in visitChildren
    childResult = c.accept(self)
  File "/home/vre_fedorin/ProyectoCompiladores/Antlr4/ExprParser.py", line 339, in accept
    return visitor.visitBloque(self)
           ~~~~~~~~~~~~~~~~~~~^^^^^^
  File "/home/vre_fedorin/ProyectoCompiladores/Antlr4/PersonalizatedVisitor.py", line 33, in visitBloque
    result = self.visitChildren(ctx)
  File "/home/vre_fedorin/ProyectoCompiladores/.venv/lib64/python3.13/site-packages/antlr4/tree/Tree.py", line 44, in visitChildren
    childResult = c.accept(self)
  File "/home/vre_fedorin/ProyectoCompiladores/Antlr4/ExprParser.py", line 428, in accept
    return visitor.visitSentencia(self)
           ~~~~~~~~~~~~~~~~~~~~~~^^^^^^
  File "/home/vre_fedorin/ProyectoCompiladores/Antlr4/PersonalizatedVisitor.py", line 45, in visitSentencia
    return super().visitSentencia(ctx)
           ~~~~~~~~~~~~~~~~~~~~~~^^^^^
  File "/home/vre_fedorin/ProyectoCompiladores/Antlr4/visitors/ExprStatementVisitor.py", line 19, in visitSentencia
    return self.visitDeclaracion(ctx.declaracion())
           ~~~~~~~~~~~~~~~~~~~~~^^^^^^^^^^^^^^^^^^^
  File "/home/vre_fedorin/ProyectoCompiladores/Antlr4/PersonalizatedVisitor.py", line 89, in visitDeclaracion
    super().visitDeclaracion(ctx)
    ~~~~~~~~~~~~~~~~~~~~~~~~^^^^^
  File "/home/vre_fedorin/ProyectoCompiladores/Antlr4/visitors/ExprVariableVisitor.py", line 9, in visitDeclaracion
    value = self.visit(ctx.expr())
  File "/home/vre_fedorin/ProyectoCompiladores/.venv/lib64/python3.13/site-packages/antlr4/tree/Tree.py", line 34, in visit
    return tree.accept(self)
           ~~~~~~~~~~~^^^^^^
  File "/home/vre_fedorin/ProyectoCompiladores/Antlr4/ExprParser.py", line 1584, in accept
    return visitor.visitExpr(self)
           ~~~~~~~~~~~~~~~~~^^^^^^
  File "/home/vre_fedorin/ProyectoCompiladores/Antlr4/PersonalizatedVisitor.py", line 104, in visitExpr
    left = self.visit(ctx.getChild(0))
  File "/home/vre_fedorin/ProyectoCompiladores/.venv/lib64/python3.13/site-packages/antlr4/tree/Tree.py", line 34, in visit
    return tree.accept(self)
           ~~~~~~~~~~~^^^^^^
  File "/home/vre_fedorin/ProyectoCompiladores/Antlr4/ExprParser.py", line 1696, in accept
    return visitor.visitTerm(self)
           ~~~~~~~~~~~~~~~~~^^^^^^
  File "/home/vre_fedorin/ProyectoCompiladores/Antlr4/PersonalizatedVisitor.py", line 136, in visitTerm
    return self.visit(ctx.getChild(0))
           ~~~~~~~~~~^^^^^^^^^^^^^^^^^
  File "/home/vre_fedorin/ProyectoCompiladores/.venv/lib64/python3.13/site-packages/antlr4/tree/Tree.py", line 34, in visit
    return tree.accept(self)
           ~~~~~~~~~~~^^^^^^
  File "/home/vre_fedorin/ProyectoCompiladores/Antlr4/ExprParser.py", line 1797, in accept
    return visitor.visitFactor(self)
           ~~~~~~~~~~~~~~~~~~~^^^^^^
  File "/home/vre_fedorin/ProyectoCompiladores/Antlr4/PersonalizatedVisitor.py", line 164, in visitFactor
    return super().get_variable(var_name)
           ~~~~~~~~~~~~~~~~~~~~^^^^^^^^^^
  File "/home/vre_fedorin/ProyectoCompiladores/Antlr4/visitors/ExprBaseVisitor.py", line 27, in get_variable
    raise NameError(f"Variable '{name}' no definida.")
NameError: Variable 'x' no definida.

2025-03-29 00:28:49,015 - ERROR - Error inesperado: 'TerminalNodeImpl' object has no attribute 'children'
Traceback (most recent call last):
  File "/home/vre_fedorin/ProyectoCompiladores/Antlr4/main.py", line 142, in main
    pretty_print_tree(tree, parser)
    ~~~~~~~~~~~~~~~~~^^^^^^^^^^^^^^
  File "/home/vre_fedorin/ProyectoCompiladores/Antlr4/main.py", line 109, in pretty_print_tree
    pretty_print_tree(child, parser, indent+1, i == len(tree.children)-1, new_prefix)
    ~~~~~~~~~~~~~~~~~^^^^^^^^^^^^^^^^^^^^^^^^^^^^^^^^^^^^^^^^^^^^^^^^^^^^^^^^^^^^^^^^
  File "/home/vre_fedorin/ProyectoCompiladores/Antlr4/main.py", line 109, in pretty_print_tree
    pretty_print_tree(child, parser, indent+1, i == len(tree.children)-1, new_prefix)
    ~~~~~~~~~~~~~~~~~^^^^^^^^^^^^^^^^^^^^^^^^^^^^^^^^^^^^^^^^^^^^^^^^^^^^^^^^^^^^^^^^
  File "/home/vre_fedorin/ProyectoCompiladores/Antlr4/main.py", line 108, in pretty_print_tree
    for i, child in enumerate(tree.children):
                              ^^^^^^^^^^^^^
AttributeError: 'TerminalNodeImpl' object has no attribute 'children'

2025-03-29 00:30:46,142 - ERROR - Error inesperado: object of type 'generator' has no len()
Traceback (most recent call last):
  File "/home/vre_fedorin/ProyectoCompiladores/Antlr4/main.py", line 148, in main
    pretty_print_tree(tree, parser)
    ~~~~~~~~~~~~~~~~~^^^^^^^^^^^^^^
  File "/home/vre_fedorin/ProyectoCompiladores/Antlr4/main.py", line 115, in pretty_print_tree
    pretty_print_tree(child, parser, indent+1, i == len(children)-1, new_prefix)
                                                    ~~~^^^^^^^^^^
TypeError: object of type 'generator' has no len()

2025-03-29 00:31:05,335 - ERROR - Error inesperado: object of type 'generator' has no len()
Traceback (most recent call last):
  File "/home/vre_fedorin/ProyectoCompiladores/Antlr4/main.py", line 148, in main
    pretty_print_tree(tree, parser)
    ~~~~~~~~~~~~~~~~~^^^^^^^^^^^^^^
  File "/home/vre_fedorin/ProyectoCompiladores/Antlr4/main.py", line 115, in pretty_print_tree
    pretty_print_tree(child, parser, indent+1, i == len(children)-1, new_prefix)
                                                    ~~~^^^^^^^^^^
TypeError: object of type 'generator' has no len()

2025-03-29 00:36:11,337 - ERROR - Error inesperado: Variable 'x' no definida.
Traceback (most recent call last):
  File "/home/vre_fedorin/ProyectoCompiladores/Antlr4/main.py", line 153, in main
    result = visitor.visit(tree)
  File "/home/vre_fedorin/ProyectoCompiladores/.venv/lib64/python3.13/site-packages/antlr4/tree/Tree.py", line 34, in visit
    return tree.accept(self)
           ~~~~~~~~~~~^^^^^^
  File "/home/vre_fedorin/ProyectoCompiladores/Antlr4/ExprParser.py", line 223, in accept
    return visitor.visitGramatica(self)
           ~~~~~~~~~~~~~~~~~~~~~~^^^^^^
  File "/home/vre_fedorin/ProyectoCompiladores/Antlr4/PersonalizatedVisitor.py", line 20, in visitGramatica
    return self.visitChildren(ctx)
           ~~~~~~~~~~~~~~~~~~^^^^^
  File "/home/vre_fedorin/ProyectoCompiladores/.venv/lib64/python3.13/site-packages/antlr4/tree/Tree.py", line 44, in visitChildren
    childResult = c.accept(self)
  File "/home/vre_fedorin/ProyectoCompiladores/Antlr4/ExprParser.py", line 282, in accept
    return visitor.visitPrograma(self)
           ~~~~~~~~~~~~~~~~~~~~~^^^^^^
  File "/home/vre_fedorin/ProyectoCompiladores/Antlr4/PersonalizatedVisitor.py", line 24, in visitPrograma
    return self.visitChildren(ctx)
           ~~~~~~~~~~~~~~~~~~^^^^^
  File "/home/vre_fedorin/ProyectoCompiladores/.venv/lib64/python3.13/site-packages/antlr4/tree/Tree.py", line 44, in visitChildren
    childResult = c.accept(self)
  File "/home/vre_fedorin/ProyectoCompiladores/Antlr4/ExprParser.py", line 339, in accept
    return visitor.visitBloque(self)
           ~~~~~~~~~~~~~~~~~~~^^^^^^
  File "/home/vre_fedorin/ProyectoCompiladores/Antlr4/PersonalizatedVisitor.py", line 33, in visitBloque
    result = self.visitChildren(ctx)
  File "/home/vre_fedorin/ProyectoCompiladores/.venv/lib64/python3.13/site-packages/antlr4/tree/Tree.py", line 44, in visitChildren
    childResult = c.accept(self)
  File "/home/vre_fedorin/ProyectoCompiladores/Antlr4/ExprParser.py", line 428, in accept
    return visitor.visitSentencia(self)
           ~~~~~~~~~~~~~~~~~~~~~~^^^^^^
  File "/home/vre_fedorin/ProyectoCompiladores/Antlr4/PersonalizatedVisitor.py", line 45, in visitSentencia
    return super().visitSentencia(ctx)
           ~~~~~~~~~~~~~~~~~~~~~~^^^^^
  File "/home/vre_fedorin/ProyectoCompiladores/Antlr4/visitors/ExprStatementVisitor.py", line 19, in visitSentencia
    return self.visitDeclaracion(ctx.declaracion())
           ~~~~~~~~~~~~~~~~~~~~~^^^^^^^^^^^^^^^^^^^
  File "/home/vre_fedorin/ProyectoCompiladores/Antlr4/PersonalizatedVisitor.py", line 89, in visitDeclaracion
    super().visitDeclaracion(ctx)
    ~~~~~~~~~~~~~~~~~~~~~~~~^^^^^
  File "/home/vre_fedorin/ProyectoCompiladores/Antlr4/visitors/ExprVariableVisitor.py", line 9, in visitDeclaracion
    value = self.visit(ctx.expr())
  File "/home/vre_fedorin/ProyectoCompiladores/.venv/lib64/python3.13/site-packages/antlr4/tree/Tree.py", line 34, in visit
    return tree.accept(self)
           ~~~~~~~~~~~^^^^^^
  File "/home/vre_fedorin/ProyectoCompiladores/Antlr4/ExprParser.py", line 1584, in accept
    return visitor.visitExpr(self)
           ~~~~~~~~~~~~~~~~~^^^^^^
  File "/home/vre_fedorin/ProyectoCompiladores/Antlr4/PersonalizatedVisitor.py", line 104, in visitExpr
    left = self.visit(ctx.getChild(0))
  File "/home/vre_fedorin/ProyectoCompiladores/.venv/lib64/python3.13/site-packages/antlr4/tree/Tree.py", line 34, in visit
    return tree.accept(self)
           ~~~~~~~~~~~^^^^^^
  File "/home/vre_fedorin/ProyectoCompiladores/Antlr4/ExprParser.py", line 1696, in accept
    return visitor.visitTerm(self)
           ~~~~~~~~~~~~~~~~~^^^^^^
  File "/home/vre_fedorin/ProyectoCompiladores/Antlr4/PersonalizatedVisitor.py", line 136, in visitTerm
    return self.visit(ctx.getChild(0))
           ~~~~~~~~~~^^^^^^^^^^^^^^^^^
  File "/home/vre_fedorin/ProyectoCompiladores/.venv/lib64/python3.13/site-packages/antlr4/tree/Tree.py", line 34, in visit
    return tree.accept(self)
           ~~~~~~~~~~~^^^^^^
  File "/home/vre_fedorin/ProyectoCompiladores/Antlr4/ExprParser.py", line 1797, in accept
    return visitor.visitFactor(self)
           ~~~~~~~~~~~~~~~~~~~^^^^^^
  File "/home/vre_fedorin/ProyectoCompiladores/Antlr4/PersonalizatedVisitor.py", line 164, in visitFactor
    return super().get_variable(var_name)
           ~~~~~~~~~~~~~~~~~~~~^^^^^^^^^^
  File "/home/vre_fedorin/ProyectoCompiladores/Antlr4/visitors/ExprBaseVisitor.py", line 27, in get_variable
    raise NameError(f"Variable '{name}' no definida.")
NameError: Variable 'x' no definida.

2025-03-29 00:37:39,070 - ERROR - Error inesperado: Variable 'x' no definida.
Traceback (most recent call last):
  File "/home/vre_fedorin/ProyectoCompiladores/Antlr4/main.py", line 153, in main
    result = visitor.visit(tree)
  File "/home/vre_fedorin/ProyectoCompiladores/.venv/lib64/python3.13/site-packages/antlr4/tree/Tree.py", line 34, in visit
    return tree.accept(self)
           ~~~~~~~~~~~^^^^^^
  File "/home/vre_fedorin/ProyectoCompiladores/Antlr4/ExprParser.py", line 223, in accept
    return visitor.visitGramatica(self)
           ~~~~~~~~~~~~~~~~~~~~~~^^^^^^
  File "/home/vre_fedorin/ProyectoCompiladores/Antlr4/PersonalizatedVisitor.py", line 20, in visitGramatica
    return self.visitChildren(ctx)
           ~~~~~~~~~~~~~~~~~~^^^^^
  File "/home/vre_fedorin/ProyectoCompiladores/.venv/lib64/python3.13/site-packages/antlr4/tree/Tree.py", line 44, in visitChildren
    childResult = c.accept(self)
  File "/home/vre_fedorin/ProyectoCompiladores/Antlr4/ExprParser.py", line 282, in accept
    return visitor.visitPrograma(self)
           ~~~~~~~~~~~~~~~~~~~~~^^^^^^
  File "/home/vre_fedorin/ProyectoCompiladores/Antlr4/PersonalizatedVisitor.py", line 24, in visitPrograma
    return self.visitChildren(ctx)
           ~~~~~~~~~~~~~~~~~~^^^^^
  File "/home/vre_fedorin/ProyectoCompiladores/.venv/lib64/python3.13/site-packages/antlr4/tree/Tree.py", line 44, in visitChildren
    childResult = c.accept(self)
  File "/home/vre_fedorin/ProyectoCompiladores/Antlr4/ExprParser.py", line 339, in accept
    return visitor.visitBloque(self)
           ~~~~~~~~~~~~~~~~~~~^^^^^^
  File "/home/vre_fedorin/ProyectoCompiladores/Antlr4/PersonalizatedVisitor.py", line 33, in visitBloque
    result = self.visitChildren(ctx)
  File "/home/vre_fedorin/ProyectoCompiladores/.venv/lib64/python3.13/site-packages/antlr4/tree/Tree.py", line 44, in visitChildren
    childResult = c.accept(self)
  File "/home/vre_fedorin/ProyectoCompiladores/Antlr4/ExprParser.py", line 428, in accept
    return visitor.visitSentencia(self)
           ~~~~~~~~~~~~~~~~~~~~~~^^^^^^
  File "/home/vre_fedorin/ProyectoCompiladores/Antlr4/PersonalizatedVisitor.py", line 45, in visitSentencia
    return super().visitSentencia(ctx)
           ~~~~~~~~~~~~~~~~~~~~~~^^^^^
  File "/home/vre_fedorin/ProyectoCompiladores/Antlr4/visitors/ExprStatementVisitor.py", line 19, in visitSentencia
    return self.visitDeclaracion(ctx.declaracion())
           ~~~~~~~~~~~~~~~~~~~~~^^^^^^^^^^^^^^^^^^^
  File "/home/vre_fedorin/ProyectoCompiladores/Antlr4/PersonalizatedVisitor.py", line 89, in visitDeclaracion
    super().visitDeclaracion(ctx)
    ~~~~~~~~~~~~~~~~~~~~~~~~^^^^^
  File "/home/vre_fedorin/ProyectoCompiladores/Antlr4/visitors/ExprVariableVisitor.py", line 9, in visitDeclaracion
    value = self.visit(ctx.expr())
  File "/home/vre_fedorin/ProyectoCompiladores/.venv/lib64/python3.13/site-packages/antlr4/tree/Tree.py", line 34, in visit
    return tree.accept(self)
           ~~~~~~~~~~~^^^^^^
  File "/home/vre_fedorin/ProyectoCompiladores/Antlr4/ExprParser.py", line 1584, in accept
    return visitor.visitExpr(self)
           ~~~~~~~~~~~~~~~~~^^^^^^
  File "/home/vre_fedorin/ProyectoCompiladores/Antlr4/PersonalizatedVisitor.py", line 104, in visitExpr
    left = self.visit(ctx.getChild(0))
  File "/home/vre_fedorin/ProyectoCompiladores/.venv/lib64/python3.13/site-packages/antlr4/tree/Tree.py", line 34, in visit
    return tree.accept(self)
           ~~~~~~~~~~~^^^^^^
  File "/home/vre_fedorin/ProyectoCompiladores/Antlr4/ExprParser.py", line 1696, in accept
    return visitor.visitTerm(self)
           ~~~~~~~~~~~~~~~~~^^^^^^
  File "/home/vre_fedorin/ProyectoCompiladores/Antlr4/PersonalizatedVisitor.py", line 136, in visitTerm
    return self.visit(ctx.getChild(0))
           ~~~~~~~~~~^^^^^^^^^^^^^^^^^
  File "/home/vre_fedorin/ProyectoCompiladores/.venv/lib64/python3.13/site-packages/antlr4/tree/Tree.py", line 34, in visit
    return tree.accept(self)
           ~~~~~~~~~~~^^^^^^
  File "/home/vre_fedorin/ProyectoCompiladores/Antlr4/ExprParser.py", line 1797, in accept
    return visitor.visitFactor(self)
           ~~~~~~~~~~~~~~~~~~~^^^^^^
  File "/home/vre_fedorin/ProyectoCompiladores/Antlr4/PersonalizatedVisitor.py", line 164, in visitFactor
    return super().get_variable(var_name)
           ~~~~~~~~~~~~~~~~~~~~^^^^^^^^^^
  File "/home/vre_fedorin/ProyectoCompiladores/Antlr4/visitors/ExprBaseVisitor.py", line 27, in get_variable
    raise NameError(f"Variable '{name}' no definida.")
NameError: Variable 'x' no definida.

2025-03-29 00:46:07,731 - ERROR - Error inesperado: 'module' object is not callable. Did you mean: 'SymbolTable.SymbolTable(...)'?
Traceback (most recent call last):
  File "/home/vre_fedorin/ProyectoCompiladores/Antlr4/main.py", line 126, in main
    parser.addErrorListener(PersonalizatedListener())
                            ~~~~~~~~~~~~~~~~~~~~~~^^
  File "/home/vre_fedorin/ProyectoCompiladores/Antlr4/PersonalizatedListener.py", line 12, in __init__
    self.symbol_table = SymbolTable()
                        ~~~~~~~~~~~^^
TypeError: 'module' object is not callable. Did you mean: 'SymbolTable.SymbolTable(...)'?

2025-03-29 00:46:42,464 - ERROR - Error inesperado: Variable 'x' no definida.
Traceback (most recent call last):
  File "/home/vre_fedorin/ProyectoCompiladores/Antlr4/main.py", line 138, in main
    result = visitor.visit(tree)
  File "/home/vre_fedorin/ProyectoCompiladores/.venv/lib64/python3.13/site-packages/antlr4/tree/Tree.py", line 34, in visit
    return tree.accept(self)
           ~~~~~~~~~~~^^^^^^
  File "/home/vre_fedorin/ProyectoCompiladores/Antlr4/ExprParser.py", line 223, in accept
    return visitor.visitGramatica(self)
           ~~~~~~~~~~~~~~~~~~~~~~^^^^^^
  File "/home/vre_fedorin/ProyectoCompiladores/Antlr4/PersonalizatedVisitor.py", line 20, in visitGramatica
    return self.visitChildren(ctx)
           ~~~~~~~~~~~~~~~~~~^^^^^
  File "/home/vre_fedorin/ProyectoCompiladores/.venv/lib64/python3.13/site-packages/antlr4/tree/Tree.py", line 44, in visitChildren
    childResult = c.accept(self)
  File "/home/vre_fedorin/ProyectoCompiladores/Antlr4/ExprParser.py", line 282, in accept
    return visitor.visitPrograma(self)
           ~~~~~~~~~~~~~~~~~~~~~^^^^^^
  File "/home/vre_fedorin/ProyectoCompiladores/Antlr4/PersonalizatedVisitor.py", line 24, in visitPrograma
    return self.visitChildren(ctx)
           ~~~~~~~~~~~~~~~~~~^^^^^
  File "/home/vre_fedorin/ProyectoCompiladores/.venv/lib64/python3.13/site-packages/antlr4/tree/Tree.py", line 44, in visitChildren
    childResult = c.accept(self)
  File "/home/vre_fedorin/ProyectoCompiladores/Antlr4/ExprParser.py", line 339, in accept
    return visitor.visitBloque(self)
           ~~~~~~~~~~~~~~~~~~~^^^^^^
  File "/home/vre_fedorin/ProyectoCompiladores/Antlr4/PersonalizatedVisitor.py", line 33, in visitBloque
    result = self.visitChildren(ctx)
  File "/home/vre_fedorin/ProyectoCompiladores/.venv/lib64/python3.13/site-packages/antlr4/tree/Tree.py", line 44, in visitChildren
    childResult = c.accept(self)
  File "/home/vre_fedorin/ProyectoCompiladores/Antlr4/ExprParser.py", line 428, in accept
    return visitor.visitSentencia(self)
           ~~~~~~~~~~~~~~~~~~~~~~^^^^^^
  File "/home/vre_fedorin/ProyectoCompiladores/Antlr4/PersonalizatedVisitor.py", line 45, in visitSentencia
    return super().visitSentencia(ctx)
           ~~~~~~~~~~~~~~~~~~~~~~^^^^^
  File "/home/vre_fedorin/ProyectoCompiladores/Antlr4/visitors/ExprStatementVisitor.py", line 19, in visitSentencia
    return self.visitDeclaracion(ctx.declaracion())
           ~~~~~~~~~~~~~~~~~~~~~^^^^^^^^^^^^^^^^^^^
  File "/home/vre_fedorin/ProyectoCompiladores/Antlr4/PersonalizatedVisitor.py", line 89, in visitDeclaracion
    super().visitDeclaracion(ctx)
    ~~~~~~~~~~~~~~~~~~~~~~~~^^^^^
  File "/home/vre_fedorin/ProyectoCompiladores/Antlr4/visitors/ExprVariableVisitor.py", line 9, in visitDeclaracion
    value = self.visit(ctx.expr())
  File "/home/vre_fedorin/ProyectoCompiladores/.venv/lib64/python3.13/site-packages/antlr4/tree/Tree.py", line 34, in visit
    return tree.accept(self)
           ~~~~~~~~~~~^^^^^^
  File "/home/vre_fedorin/ProyectoCompiladores/Antlr4/ExprParser.py", line 1584, in accept
    return visitor.visitExpr(self)
           ~~~~~~~~~~~~~~~~~^^^^^^
  File "/home/vre_fedorin/ProyectoCompiladores/Antlr4/PersonalizatedVisitor.py", line 104, in visitExpr
    left = self.visit(ctx.getChild(0))
  File "/home/vre_fedorin/ProyectoCompiladores/.venv/lib64/python3.13/site-packages/antlr4/tree/Tree.py", line 34, in visit
    return tree.accept(self)
           ~~~~~~~~~~~^^^^^^
  File "/home/vre_fedorin/ProyectoCompiladores/Antlr4/ExprParser.py", line 1696, in accept
    return visitor.visitTerm(self)
           ~~~~~~~~~~~~~~~~~^^^^^^
  File "/home/vre_fedorin/ProyectoCompiladores/Antlr4/PersonalizatedVisitor.py", line 136, in visitTerm
    return self.visit(ctx.getChild(0))
           ~~~~~~~~~~^^^^^^^^^^^^^^^^^
  File "/home/vre_fedorin/ProyectoCompiladores/.venv/lib64/python3.13/site-packages/antlr4/tree/Tree.py", line 34, in visit
    return tree.accept(self)
           ~~~~~~~~~~~^^^^^^
  File "/home/vre_fedorin/ProyectoCompiladores/Antlr4/ExprParser.py", line 1797, in accept
    return visitor.visitFactor(self)
           ~~~~~~~~~~~~~~~~~~~^^^^^^
  File "/home/vre_fedorin/ProyectoCompiladores/Antlr4/PersonalizatedVisitor.py", line 164, in visitFactor
    return super().get_variable(var_name)
           ~~~~~~~~~~~~~~~~~~~~^^^^^^^^^^
  File "/home/vre_fedorin/ProyectoCompiladores/Antlr4/visitors/ExprBaseVisitor.py", line 27, in get_variable
    raise NameError(f"Variable '{name}' no definida.")
NameError: Variable 'x' no definida.

2025-03-30 10:24:03,123 - ERROR - Error inesperado: Variable 'x' no definida.
Traceback (most recent call last):
  File "/home/vre_fedorin/ProyectoCompiladores/Antlr4/main.py", line 138, in main
    result = visitor.visit(tree)
  File "/home/vre_fedorin/ProyectoCompiladores/.venv/lib64/python3.13/site-packages/antlr4/tree/Tree.py", line 34, in visit
    return tree.accept(self)
           ~~~~~~~~~~~^^^^^^
  File "/home/vre_fedorin/ProyectoCompiladores/Antlr4/ExprParser.py", line 223, in accept
    return visitor.visitGramatica(self)
           ~~~~~~~~~~~~~~~~~~~~~~^^^^^^
  File "/home/vre_fedorin/ProyectoCompiladores/Antlr4/PersonalizatedVisitor.py", line 20, in visitGramatica
    return self.visitChildren(ctx)
           ~~~~~~~~~~~~~~~~~~^^^^^
  File "/home/vre_fedorin/ProyectoCompiladores/.venv/lib64/python3.13/site-packages/antlr4/tree/Tree.py", line 44, in visitChildren
    childResult = c.accept(self)
  File "/home/vre_fedorin/ProyectoCompiladores/Antlr4/ExprParser.py", line 282, in accept
    return visitor.visitPrograma(self)
           ~~~~~~~~~~~~~~~~~~~~~^^^^^^
  File "/home/vre_fedorin/ProyectoCompiladores/Antlr4/PersonalizatedVisitor.py", line 24, in visitPrograma
    return self.visitChildren(ctx)
           ~~~~~~~~~~~~~~~~~~^^^^^
  File "/home/vre_fedorin/ProyectoCompiladores/.venv/lib64/python3.13/site-packages/antlr4/tree/Tree.py", line 44, in visitChildren
    childResult = c.accept(self)
  File "/home/vre_fedorin/ProyectoCompiladores/Antlr4/ExprParser.py", line 339, in accept
    return visitor.visitBloque(self)
           ~~~~~~~~~~~~~~~~~~~^^^^^^
  File "/home/vre_fedorin/ProyectoCompiladores/Antlr4/PersonalizatedVisitor.py", line 33, in visitBloque
    result = self.visitChildren(ctx)
  File "/home/vre_fedorin/ProyectoCompiladores/.venv/lib64/python3.13/site-packages/antlr4/tree/Tree.py", line 44, in visitChildren
    childResult = c.accept(self)
  File "/home/vre_fedorin/ProyectoCompiladores/Antlr4/ExprParser.py", line 428, in accept
    return visitor.visitSentencia(self)
           ~~~~~~~~~~~~~~~~~~~~~~^^^^^^
  File "/home/vre_fedorin/ProyectoCompiladores/Antlr4/PersonalizatedVisitor.py", line 45, in visitSentencia
    return super().visitSentencia(ctx)
           ~~~~~~~~~~~~~~~~~~~~~~^^^^^
  File "/home/vre_fedorin/ProyectoCompiladores/Antlr4/visitors/ExprStatementVisitor.py", line 19, in visitSentencia
    return self.visitDeclaracion(ctx.declaracion())
           ~~~~~~~~~~~~~~~~~~~~~^^^^^^^^^^^^^^^^^^^
  File "/home/vre_fedorin/ProyectoCompiladores/Antlr4/PersonalizatedVisitor.py", line 89, in visitDeclaracion
    super().visitDeclaracion(ctx)
    ~~~~~~~~~~~~~~~~~~~~~~~~^^^^^
  File "/home/vre_fedorin/ProyectoCompiladores/Antlr4/visitors/ExprVariableVisitor.py", line 9, in visitDeclaracion
    value = self.visit(ctx.expr())
  File "/home/vre_fedorin/ProyectoCompiladores/.venv/lib64/python3.13/site-packages/antlr4/tree/Tree.py", line 34, in visit
    return tree.accept(self)
           ~~~~~~~~~~~^^^^^^
  File "/home/vre_fedorin/ProyectoCompiladores/Antlr4/ExprParser.py", line 1584, in accept
    return visitor.visitExpr(self)
           ~~~~~~~~~~~~~~~~~^^^^^^
  File "/home/vre_fedorin/ProyectoCompiladores/Antlr4/PersonalizatedVisitor.py", line 104, in visitExpr
    left = self.visit(ctx.getChild(0))
  File "/home/vre_fedorin/ProyectoCompiladores/.venv/lib64/python3.13/site-packages/antlr4/tree/Tree.py", line 34, in visit
    return tree.accept(self)
           ~~~~~~~~~~~^^^^^^
  File "/home/vre_fedorin/ProyectoCompiladores/Antlr4/ExprParser.py", line 1696, in accept
    return visitor.visitTerm(self)
           ~~~~~~~~~~~~~~~~~^^^^^^
  File "/home/vre_fedorin/ProyectoCompiladores/Antlr4/PersonalizatedVisitor.py", line 136, in visitTerm
    return self.visit(ctx.getChild(0))
           ~~~~~~~~~~^^^^^^^^^^^^^^^^^
  File "/home/vre_fedorin/ProyectoCompiladores/.venv/lib64/python3.13/site-packages/antlr4/tree/Tree.py", line 34, in visit
    return tree.accept(self)
           ~~~~~~~~~~~^^^^^^
  File "/home/vre_fedorin/ProyectoCompiladores/Antlr4/ExprParser.py", line 1797, in accept
    return visitor.visitFactor(self)
           ~~~~~~~~~~~~~~~~~~~^^^^^^
  File "/home/vre_fedorin/ProyectoCompiladores/Antlr4/PersonalizatedVisitor.py", line 164, in visitFactor
    return super().get_variable(var_name)
           ~~~~~~~~~~~~~~~~~~~~^^^^^^^^^^
  File "/home/vre_fedorin/ProyectoCompiladores/Antlr4/visitors/ExprBaseVisitor.py", line 27, in get_variable
    raise NameError(f"Variable '{name}' no definida.")
NameError: Variable 'x' no definida.

2025-03-30 10:30:12,149 - ERROR - Error inesperado: Variable 'x' no definida.
Traceback (most recent call last):
  File "/home/vre_fedorin/ProyectoCompiladores/Antlr4/main.py", line 138, in main
    result = visitor.visit(tree)
  File "/home/vre_fedorin/ProyectoCompiladores/.venv/lib64/python3.13/site-packages/antlr4/tree/Tree.py", line 34, in visit
    return tree.accept(self)
           ~~~~~~~~~~~^^^^^^
  File "/home/vre_fedorin/ProyectoCompiladores/Antlr4/ExprParser.py", line 223, in accept
    return visitor.visitGramatica(self)
           ~~~~~~~~~~~~~~~~~~~~~~^^^^^^
  File "/home/vre_fedorin/ProyectoCompiladores/Antlr4/PersonalizatedVisitor.py", line 20, in visitGramatica
    return self.visitChildren(ctx)
           ~~~~~~~~~~~~~~~~~~^^^^^
  File "/home/vre_fedorin/ProyectoCompiladores/.venv/lib64/python3.13/site-packages/antlr4/tree/Tree.py", line 44, in visitChildren
    childResult = c.accept(self)
  File "/home/vre_fedorin/ProyectoCompiladores/Antlr4/ExprParser.py", line 282, in accept
    return visitor.visitPrograma(self)
           ~~~~~~~~~~~~~~~~~~~~~^^^^^^
  File "/home/vre_fedorin/ProyectoCompiladores/Antlr4/PersonalizatedVisitor.py", line 24, in visitPrograma
    return self.visitChildren(ctx)
           ~~~~~~~~~~~~~~~~~~^^^^^
  File "/home/vre_fedorin/ProyectoCompiladores/.venv/lib64/python3.13/site-packages/antlr4/tree/Tree.py", line 44, in visitChildren
    childResult = c.accept(self)
  File "/home/vre_fedorin/ProyectoCompiladores/Antlr4/ExprParser.py", line 339, in accept
    return visitor.visitBloque(self)
           ~~~~~~~~~~~~~~~~~~~^^^^^^
  File "/home/vre_fedorin/ProyectoCompiladores/Antlr4/PersonalizatedVisitor.py", line 33, in visitBloque
    result = self.visitChildren(ctx)
  File "/home/vre_fedorin/ProyectoCompiladores/.venv/lib64/python3.13/site-packages/antlr4/tree/Tree.py", line 44, in visitChildren
    childResult = c.accept(self)
  File "/home/vre_fedorin/ProyectoCompiladores/Antlr4/ExprParser.py", line 428, in accept
    return visitor.visitSentencia(self)
           ~~~~~~~~~~~~~~~~~~~~~~^^^^^^
  File "/home/vre_fedorin/ProyectoCompiladores/Antlr4/PersonalizatedVisitor.py", line 45, in visitSentencia
    return super().visitSentencia(ctx)
           ~~~~~~~~~~~~~~~~~~~~~~^^^^^
  File "/home/vre_fedorin/ProyectoCompiladores/Antlr4/visitors/ExprStatementVisitor.py", line 19, in visitSentencia
    return self.visitDeclaracion(ctx.declaracion())
           ~~~~~~~~~~~~~~~~~~~~~^^^^^^^^^^^^^^^^^^^
  File "/home/vre_fedorin/ProyectoCompiladores/Antlr4/PersonalizatedVisitor.py", line 89, in visitDeclaracion
    super().visitDeclaracion(ctx)
    ~~~~~~~~~~~~~~~~~~~~~~~~^^^^^
  File "/home/vre_fedorin/ProyectoCompiladores/Antlr4/visitors/ExprVariableVisitor.py", line 9, in visitDeclaracion
    value = self.visit(ctx.expr())
  File "/home/vre_fedorin/ProyectoCompiladores/.venv/lib64/python3.13/site-packages/antlr4/tree/Tree.py", line 34, in visit
    return tree.accept(self)
           ~~~~~~~~~~~^^^^^^
  File "/home/vre_fedorin/ProyectoCompiladores/Antlr4/ExprParser.py", line 1584, in accept
    return visitor.visitExpr(self)
           ~~~~~~~~~~~~~~~~~^^^^^^
  File "/home/vre_fedorin/ProyectoCompiladores/Antlr4/PersonalizatedVisitor.py", line 104, in visitExpr
    left = self.visit(ctx.getChild(0))
  File "/home/vre_fedorin/ProyectoCompiladores/.venv/lib64/python3.13/site-packages/antlr4/tree/Tree.py", line 34, in visit
    return tree.accept(self)
           ~~~~~~~~~~~^^^^^^
  File "/home/vre_fedorin/ProyectoCompiladores/Antlr4/ExprParser.py", line 1696, in accept
    return visitor.visitTerm(self)
           ~~~~~~~~~~~~~~~~~^^^^^^
  File "/home/vre_fedorin/ProyectoCompiladores/Antlr4/PersonalizatedVisitor.py", line 136, in visitTerm
    return self.visit(ctx.getChild(0))
           ~~~~~~~~~~^^^^^^^^^^^^^^^^^
  File "/home/vre_fedorin/ProyectoCompiladores/.venv/lib64/python3.13/site-packages/antlr4/tree/Tree.py", line 34, in visit
    return tree.accept(self)
           ~~~~~~~~~~~^^^^^^
  File "/home/vre_fedorin/ProyectoCompiladores/Antlr4/ExprParser.py", line 1797, in accept
    return visitor.visitFactor(self)
           ~~~~~~~~~~~~~~~~~~~^^^^^^
  File "/home/vre_fedorin/ProyectoCompiladores/Antlr4/PersonalizatedVisitor.py", line 164, in visitFactor
    return super().get_variable(var_name)
           ~~~~~~~~~~~~~~~~~~~~^^^^^^^^^^
  File "/home/vre_fedorin/ProyectoCompiladores/Antlr4/visitors/ExprBaseVisitor.py", line 27, in get_variable
    raise NameError(f"Variable '{name}' no definida.")
NameError: Variable 'x' no definida.

2025-03-30 12:29:24,892 - ERROR - [31m‚úñ Archivo no encontrado: [Errno 2] No such file or directory: 'good-input-files/funciones.txt'[0m
2025-03-30 13:41:18,687 - ERROR - [31m‚úñ Error de valor: Sentencia no reconocida[0m
2025-03-31 23:50:45,315 - ERROR - [31m‚úñ Error en compilaci√≥n: b"llc: error: unable to get target for 'unknown-unknown-unknown', see --version and --triple."[0m
2025-04-02 23:25:33,870 - ERROR - [31m‚úñ Error en compilaci√≥n: b"llc: error: unable to get target for 'unknown-unknown-unknown', see --version and --triple."[0m
2025-04-02 23:37:38,630 - ERROR - [31m‚úñ Error en compilaci√≥n: b'llc: error: llc: outputs/output.ll:10:1: error: expected instruction opcode\nafter_funcs:\n^\n'[0m
2025-04-02 23:38:04,595 - ERROR - [31m‚úñ Error en compilaci√≥n: b'llc: error: llc: outputs/output.ll:10:1: error: expected instruction opcode\nafter_funcs:\n^\n'[0m
2025-04-03 23:22:34,532 - ERROR - [31m‚úñ Error de valor: Unknown binary operator: +[0m
2025-04-03 23:39:50,418 - ERROR - [31m‚úñ Error de valor: Unknown binary operator: +[0m
2025-04-03 23:40:02,832 - ERROR - [31m‚úñ Error de valor: Unknown binary operator: +[0m
2025-04-03 23:41:26,267 - ERROR - [31m‚úñ Error de valor: Unknown binary operator: +[0m
2025-04-04 00:00:22,220 - ERROR - [31m‚úñ Error de valor: Unknown binary operator: +[0m
2025-04-04 00:13:53,490 - ERROR - [31m‚úñ Error de valor: Unknown binary operator: +[0m
2025-04-04 00:18:52,232 - ERROR - [31m‚úñ Error de valor: Unknown binary operator: +[0m
2025-04-04 00:19:14,687 - ERROR - [31m‚úñ Error de valor: Unknown binary operator: +[0m
2025-04-04 00:31:46,687 - ERROR - [31m‚úñ Error de valor: Unknown binary operator: +[0m
2025-04-04 00:34:08,797 - ERROR - [31m‚úñ Error de valor: Unknown binary operator: +[0m
2025-04-04 00:34:54,227 - ERROR - [31m‚úñ Error de valor: Unknown binary operator: +[0m
2025-04-04 00:38:10,641 - ERROR - [31m‚úñ Error de valor: Unknown binary operator: +[0m
2025-04-04 00:38:40,881 - ERROR - [31m‚úñ Error de valor: Unknown binary operator: +[0m
2025-04-04 00:41:06,293 - ERROR - [31m‚úñ Error de valor: Unknown binary operator: +[0m
2025-04-04 00:41:42,730 - ERROR - [31m‚úñ Error de valor: Unknown binary operator: +[0m
2025-04-04 00:43:32,640 - ERROR - [31m‚úñ Error de valor: Unknown binary operator: +[0m
2025-04-04 00:55:56,950 - ERROR - [31m‚úñ Error de valor: Unknown binary operator: +[0m
2025-04-04 01:00:38,229 - ERROR - [31m‚úñ Error de valor: Unknown binary operator: +[0m
2025-04-04 01:06:07,048 - ERROR - [31m‚úñ Error de valor: Unknown binary operator: +[0m
2025-04-04 01:07:01,222 - ERROR - [31m‚úñ Error de valor: Unknown binary operator: +[0m
2025-05-05 01:15:49,937 - ERROR - [31m‚úñ Error inesperado: name 'os' is not defined[0m
2025-05-05 01:15:53,923 - ERROR - [31m‚úñ Error inesperado: name 'os' is not defined[0m
2025-05-05 01:15:55,719 - ERROR - [31m‚úñ Error inesperado: name 'os' is not defined[0m
2025-05-05 01:16:21,567 - ERROR - [31m‚úñ Error inesperado: name 'os' is not defined[0m
2025-05-05 01:16:26,749 - ERROR - [31m‚úñ Error inesperado: name 'os' is not defined[0m
2025-05-05 01:16:42,424 - ERROR - [31m‚úñ Error inesperado: name 'os' is not defined[0m
2025-05-11 06:53:48,891 - ERROR - [31m‚úñ Error inesperado: ''[0m
2025-05-11 09:46:57,814 - ERROR - [31m‚úñ Error inesperado: 'PersonalizatedListener' object has no attribute 'reportAmbiguity'[0m
2025-05-11 09:58:26,575 - ERROR - [31m‚úñ Error inesperado: 'PersonalizatedListener' object has no attribute 'reportAmbiguity'[0m
2025-05-11 10:01:25,874 - ERROR - [31m‚úñ Error inesperado: object of type 'int' has no len()[0m
2025-05-11 19:47:10,980 - ERROR - [31m‚úñ Error inesperado: object of type 'int' has no len()[0m
2025-05-11 20:00:30,498 - ERROR - [31m‚úñ Error inesperado: object of type 'int' has no len()[0m
2025-05-11 20:12:58,594 - ERROR - [31m‚úñ Error inesperado: object of type 'int' has no len()[0m
2025-05-11 20:22:34,184 - ERROR - [31m‚úñ Error inesperado: object of type 'int' has no len()[0m
2025-05-11 20:24:46,284 - ERROR - [31m‚úñ Error inesperado: name 'parametros' is not defined[0m
2025-05-11 20:29:33,362 - ERROR - [31m‚úñ Error inesperado: object of type 'int' has no len()[0m
2025-05-11 20:30:06,457 - ERROR - [31m‚úñ Error inesperado: N√∫mero incorrecto de argumentos para 'primerafuncion'[0m
2025-05-11 20:37:27,090 - ERROR - [31m‚úñ Error inesperado: object of type 'int' has no len()[0m
2025-05-11 20:39:59,360 - ERROR - [31m‚úñ Error inesperado: 'ArgumentosContext' object has no attribute 'argumento'[0m
2025-05-11 20:40:18,341 - ERROR - [31m‚úñ Error inesperado: object of type 'int' has no len()[0m
2025-05-11 20:42:20,940 - ERROR - [31m‚úñ Error inesperado: object of type 'int' has no len()[0m
2025-05-11 20:45:40,495 - ERROR - [31m‚úñ Error inesperado: object of type 'int' has no len()[0m
2025-05-11 20:47:28,527 - ERROR - [31m‚úñ Error inesperado: N√∫mero incorrecto de argumentos para 'primerafuncion'[0m
2025-05-11 20:49:41,994 - ERROR - [31m‚úñ Error inesperado: object of type 'int' has no len()[0m
2025-05-11 21:00:54,975 - ERROR - [31m‚úñ Error de valor: Sentencia no reconocida[0m
2025-05-11 21:03:20,018 - ERROR - [31m‚úñ Error inesperado: 'NoneType' object has no attribute 'accept'[0m
2025-05-11 21:04:20,930 - ERROR - [31m‚úñ Error de valor: Sentencia no reconocida[0m
2025-05-11 21:06:45,499 - ERROR - [31m‚úñ Error de valor: Sentencia no reconocida[0m
2025-05-11 21:59:13,203 - ERROR - [31m‚úñ Error de valor: Sentencia no reconocida[0m
2025-05-11 22:00:21,893 - ERROR - [31m‚úñ Error de valor: Sentencia no reconocida[0m
2025-05-11 22:02:07,255 - ERROR - [31m‚úñ Error de valor: Sentencia no reconocida[0m
2025-05-11 22:08:05,514 - ERROR - [31m‚úñ Error de valor: Sentencia no reconocida[0m
2025-05-11 22:12:15,479 - ERROR - [31m‚úñ Error de valor: Sentencia no reconocida[0m
2025-05-11 22:13:11,100 - ERROR - [31m‚úñ Error inesperado: 'Declaracion_funcionContext' object has no attribute 'expr'[0m
2025-05-11 22:18:47,433 - ERROR - [31m‚úñ Error inesperado: 'NoneType' object has no attribute 'accept'[0m
2025-05-11 22:26:12,106 - ERROR - [31m‚úñ Error inesperado: 'NoneType' object has no attribute 'accept'[0m
2025-05-11 22:40:50,682 - ERROR - [31m‚úñ Error inesperado: 'ExprContext' object has no attribute 'PARENTESIS_INICIAL'[0m
2025-05-11 22:41:07,548 - ERROR - [31m‚úñ Error inesperado: 'ExprContext' object has no attribute 'PARENTESIS_INICIAL'[0m
2025-05-11 22:47:21,368 - ERROR - [31m‚úñ Error inesperado: list index out of range[0m
2025-05-11 22:53:15,625 - ERROR - [31m‚úñ Error en compilaci√≥n: b"opt: outputs/output.ll:27:7: error: value doesn't match function result type 'i32'\n  ret void\n      ^\n"[0m
2025-05-11 23:04:45,108 - ERROR - [31m‚úñ Error en compilaci√≥n: b"opt: outputs/output.ll:27:7: error: value doesn't match function result type 'i32'\n  ret void\n      ^\n"[0m
2025-05-11 23:15:57,005 - ERROR - [31m‚úñ Error en compilaci√≥n: b"opt: outputs/output.ll:27:7: error: value doesn't match function result type 'i32'\n  ret void\n      ^\n"[0m
2025-05-11 23:30:07,906 - ERROR - [31m‚úñ Error inesperado: SymbolTable.define_function() missing 1 required positional argument: 'params'[0m
2025-05-12 06:16:28,356 - ERROR - [31m‚úñ Error inesperado: ExprParser.Sentencia_ifContext.bloque_de_sentencia() takes 1 positional argument but 2 were given[0m
2025-05-12 06:37:33,899 - ERROR - [31m‚úñ Error inesperado: ExprParser.Sentencia_ifContext.bloque_de_sentencia() takes 1 positional argument but 2 were given[0m
2025-05-12 06:39:30,805 - ERROR - [31m‚úñ Error inesperado: 'Bloque_de_sentenciaContext' object is not subscriptable[0m
2025-05-12 07:20:51,383 - ERROR - [31m‚úñ Error inesperado: ''[0m
2025-05-12 07:25:03,633 - ERROR - [31m‚úñ Error de valor: Type name cannot be empty[0m
2025-05-12 09:16:57,935 - ERROR - [31m‚úñ Error de valor: Type name cannot be empty[0m
2025-05-12 09:25:17,227 - ERROR - [31m‚úñ Error de valor: Type name cannot be empty[0m
2025-05-12 09:26:13,997 - ERROR - [31m‚úñ Error de valor: Type name cannot be empty[0m
2025-05-12 09:29:14,333 - ERROR - [31m‚úñ Error de valor: Type name cannot be empty[0m
2025-05-12 09:41:18,426 - ERROR - [31m‚úñ Error de valor: Empty type at line 2, column 16[0m
2025-05-12 09:42:54,468 - ERROR - [31m‚úñ Error en compilaci√≥n: b'opt: outputs/output.ll:28:1: error: expected instruction opcode\n}\n^\n'[0m
2025-05-12 09:43:58,490 - ERROR - [31m‚úñ Error de valor: Empty type at line 2, column 16[0m
2025-05-12 10:01:37,712 - ERROR - [31m‚úñ Error inesperado: 'NoneType' object has no attribute 'type'[0m
2025-05-12 10:17:07,598 - ERROR - [31m‚úñ Error de valor: Error processing Program at line None: Error processing MainFunction at line None: Error processing Block at line None: Error processing ForLoop at line 2: Error processing VariableDecl at line 2: 'NoneType' object has no attribute 'as_pointer'[0m
2025-05-12 10:24:23,864 - ERROR - [31m‚úñ Error de valor: Error processing Program at line None: Error processing MainFunction at line None: Error processing Block at line None: Error processing VariableDecl at line 2: 'NoneType' object has no attribute 'as_pointer'[0m
2025-05-12 10:26:06,496 - ERROR - [31m‚úñ Error de valor: Error processing Program at line None: Error processing MainFunction at line None: Error processing Block at line None: Error processing VariableDecl at line 2: 'NoneType' object has no attribute 'as_pointer'[0m
2025-05-12 10:26:44,031 - ERROR - [31m‚úñ Error de valor: Error processing Program at line None: Error processing MainFunction at line None: Error processing Block at line None: Error processing VariableDecl at line 2: 'NoneType' object has no attribute 'as_pointer'[0m
2025-05-12 10:28:31,808 - ERROR - [31m‚úñ Error de valor: Error processing Program at line None: Error processing MainFunction at line None: Error processing Block at line None: Error processing ForLoop at line None: Error processing VariableDecl at line None: Error processing Type at line None: Type name cannot be empty at line None, column None[0m
2025-05-12 11:47:43,652 - ERROR - [31m‚úñ Error de valor: Error processing Program at line None: Error processing MainFunction at line None: Error processing Block at line None: Error processing ForLoop at line None: Error processing VariableDecl at line None: Error processing Type at line None: Type name cannot be empty at line None, column None[0m
2025-05-12 11:52:23,723 - ERROR - [31m‚úñ Error de valor: Error processing Program at line None: Error processing MainFunction at line None: Error processing Block at line None: Error processing ForLoop at line None: Error processing VariableDecl at line None: Error processing Type at line None: Type name cannot be empty at line None, column None[0m
2025-05-12 11:53:04,157 - ERROR - [31m‚úñ Error de valor: Error processing Program at line None: Error processing MainFunction at line None: Error processing Block at line None: Error processing ForLoop at line None: Error processing VariableDecl at line None: Error processing Type at line None: Type name cannot be empty at line None, column None[0m
2025-05-12 12:01:09,014 - ERROR - [31m‚úñ Error inesperado: 'SymbolTable' object has no attribute 'get_variable_in_current_scope'[0m
2025-05-12 12:04:10,046 - ERROR - [31m‚úñ Error inesperado: 'PersonalizatedListener' object has no attribute '_infer_function_return_type'[0m
2025-05-12 12:08:29,296 - ERROR - [31m‚úñ Error de valor: Error processing Program at line None: Error processing MainFunction at line None: Error processing Block at line None: Error processing ForLoop at line None: Error processing VariableDecl at line None: Error processing Type at line None: Type name cannot be empty at line None, column None[0m
2025-05-12 12:16:09,112 - ERROR - [31m‚úñ Error de valor: Error processing Program at line None: Error processing MainFunction at line None: Error processing Block at line None: Error processing ForLoop at line None: Error processing VariableDecl at line None: Error processing Type at line None: Type name cannot be empty at line None, column None[0m
2025-05-12 12:17:05,171 - ERROR - [31m‚úñ Error de valor: Error processing Program at line None: Error processing MainFunction at line None: Error processing Block at line None: Error processing ForLoop at line None: Error processing VariableDecl at line None: Error processing Type at line None: Type name cannot be empty at line None, column None[0m
2025-05-12 12:18:18,195 - ERROR - [31m‚úñ Error de valor: Error processing Program at line None: Error processing MainFunction at line None: Error processing Block at line None: Error processing ForLoop at line None: Error processing VariableDecl at line None: Error processing Type at line None: Type name cannot be empty at line None, column None[0m
2025-05-12 12:22:50,182 - ERROR - [31m‚úñ Error de valor: Type name cannot be empty[0m
2025-05-12 12:33:14,889 - ERROR - [31m‚úñ Error inesperado: 'IRBuilder' object has no attribute 'global_string'[0m
2025-05-12 12:40:57,160 - ERROR - [31m‚úñ Error inesperado: 'IRBuilder' object has no attribute 'global_string_ptr'[0m
2025-05-12 12:43:22,602 - ERROR - [31m‚úñ Error de valor: Type name cannot be empty[0m
2025-05-12 14:49:33,268 - ERROR - [31m‚úñ Error de valor: Type name cannot be empty[0m
2025-05-12 15:02:26,392 - ERROR - [31m‚úñ Error en compilaci√≥n: b'opt: outputs/output.ll:28:1: error: expected instruction opcode\n}\n^\n'[0m
2025-05-12 15:17:20,192 - ERROR - [31m‚úñ Error de valor: Type name cannot be empty[0m
2025-05-12 15:17:40,348 - ERROR - [31m‚úñ Error en compilaci√≥n: b'opt: outputs/output.ll:28:1: error: expected instruction opcode\n}\n^\n'[0m
2025-05-12 15:17:51,873 - ERROR - [31m‚úñ Error inesperado: 'LLVMGenerator' object has no attribute 'generate_code'[0m
2025-05-12 15:20:39,495 - ERROR - [31m‚úñ Error inesperado: 'LLVMGenerator' object has no attribute 'generate_code'[0m
2025-05-12 15:21:58,093 - ERROR - [31m‚úñ Error inesperado: 'LLVMGenerator' object has no attribute 'module'[0m
2025-05-12 15:39:54,807 - ERROR - [31m‚úñ Error inesperado: 'Module' object has no attribute 'declare_function'[0m
2025-05-12 15:47:44,611 - ERROR - [31m‚úñ Error inesperado: 'Module' object has no attribute 'declare_function'[0m
2025-05-12 15:48:01,687 - ERROR - [31m‚úñ Error inesperado: 'Module' object has no attribute 'declare_function'[0m
2025-05-12 15:52:34,389 - ERROR - [31m‚úñ Error inesperado: printf[0m
2025-05-12 16:03:21,561 - ERROR - [31m‚úñ Error inesperado: 'printf'[0m
2025-05-12 16:03:29,984 - ERROR - [31m‚úñ Error inesperado: 'printf'[0m
2025-05-12 16:05:29,761 - ERROR - [31m‚úñ Error en compilaci√≥n: b"opt: warning: failed to infer data layout: unable to get target for 'unknown-unknown-unknown', see --version and --triple.\nopt: outputs/output.ll:25:1: error: expected instruction opcode\n}\n^\n"[0m
2025-05-12 16:14:08,210 - ERROR - [31m‚úñ Error inesperado: 'Target' object has no attribute 'target_data'[0m
2025-05-12 16:15:55,250 - ERROR - [31m‚úñ Error en compilaci√≥n: b'opt: outputs/output.ll:25:1: error: expected instruction opcode\n}\n^\n'[0m
2025-05-12 16:25:17,874 - ERROR - [31m‚úñ Error en compilaci√≥n: b'opt: outputs/output.ll:25:1: error: expected instruction opcode\n}\n^\n'[0m
2025-05-12 16:25:31,071 - ERROR - [31m‚úñ Error en compilaci√≥n: b'opt: outputs/output.ll:25:1: error: expected instruction opcode\n}\n^\n'[0m
2025-05-12 16:25:59,730 - ERROR - [31m‚úñ Error en compilaci√≥n: b'opt: outputs/output.ll:25:1: error: expected instruction opcode\n}\n^\n'[0m
2025-05-12 16:37:44,900 - ERROR - [31m‚úñ Error inesperado: Variable 'v' no definida[0m
2025-05-12 16:38:26,611 - ERROR - [31m‚úñ Error inesperado: 'NoneType' object has no attribute 'accept'[0m
2025-05-12 16:57:56,589 - ERROR - [31m‚úñ Error inesperado: Funci√≥n 'printf' no definida[0m
2025-05-12 20:48:38,643 - ERROR - [31m‚úñ Error inesperado: Funci√≥n 'printf' no definida[0m
2025-05-12 20:50:25,374 - ERROR - [31m‚úñ Error inesperado: 'str' object has no attribute 'return_type'[0m
2025-05-12 20:51:12,926 - ERROR - [31m‚úñ Error inesperado: 'str' object has no attribute 'return_type'[0m
2025-05-12 21:00:33,328 - ERROR - [31m‚úñ Error inesperado: 'str' object has no attribute 'return_type'[0m
2025-05-12 21:05:39,604 - ERROR - [31m‚úñ Error inesperado: 'Function' object has no attribute 'return_type'[0m
2025-05-12 21:15:39,501 - ERROR - [31m‚úñ Error inesperado: 'Function' object has no attribute 'return_type'[0m
2025-05-12 21:56:49,765 - ERROR - [31m‚úñ Error inesperado: [0m
2025-05-12 22:13:06,927 - ERROR - [31m‚úñ Error inesperado: 'NoneType' object has no attribute 'accept'[0m
2025-05-12 23:09:14,019 - ERROR - [31m‚úñ Error en compilaci√≥n: b'opt: outputs/output.ll:25:1: error: expected instruction opcode\n}\n^\n'[0m
2025-05-12 23:21:50,298 - ERROR - [31m‚úñ Error inesperado: 'NoneType' object has no attribute 'accept'[0m
2025-05-12 23:31:33,467 - ERROR - [31m‚úñ Error inesperado: 'NoneType' object has no attribute 'accept'[0m
2025-05-13 00:26:15,465 - ERROR - [31m‚úñ Error inesperado: [0m
2025-05-13 21:28:30,555 - ERROR - [31m‚úñ Error en compilaci√≥n: opt: Unknown command line argument '-std-compile-opts'.  Try: 'opt --help'
opt: Did you mean '--loadstore-opt'?
opt: Unknown command line argument '-constprop'.  Try: 'opt --help'
opt: Did you mean '--consthoist'?
[0m
2025-05-13 21:34:42,187 - ERROR - [31m‚úñ Error en compilaci√≥n: opt: Unknown command line argument '-std-compile-opts'.  Try: 'opt --help'
opt: Did you mean '--loadstore-opt'?
opt: Unknown command line argument '-constprop'.  Try: 'opt --help'
opt: Did you mean '--consthoist'?
[0m
2025-05-13 21:41:22,502 - ERROR - [31m‚úñ Error en compilaci√≥n: b"/usr/bin/ld: no se reconoce la opci\xc3\xb3n `--subsystem'\n/usr/bin/ld: use la opci\xc3\xb3n --help para informaci\xc3\xb3n de modo de empleo\nclang: error: linker command failed with exit code 1 (use -v to see invocation)\n"[0m
2025-05-13 22:23:29,214 - ERROR - [31m‚úñ Error en compilaci√≥n: b"outputs/output.o: in function `main':\noutput.ll:(.text+0x2): relocation truncated to fit: R_X86_64_32 against `.rodata'\ncollect2: error: ld returned 1 exit status\n"[0m
2025-05-14 06:47:37,107 - ERROR - [31m‚úñ Error de valor: 'ascii' codec can't decode byte 0xd0 in position 31: ordinal not in range(128)[0m
2025-05-14 07:06:32,703 - ERROR - [31m‚úñ Error de valor: 'ascii' codec can't decode byte 0xd0 in position 31: ordinal not in range(128)[0m
2025-05-14 07:19:47,552 - ERROR - [31m‚úñ Error de valor: 'ascii' codec can't decode byte 0xd0 in position 31: ordinal not in range(128)[0m
2025-05-14 07:23:14,739 - ERROR - [31m‚úñ Error inesperado: 'NoneType' object has no attribute 'accept'[0m
2025-05-14 12:47:06,783 - ERROR - [31m‚úñ Error inesperado: fmt.0[0m
2025-05-14 12:53:43,846 - ERROR - [31m‚úñ Error de valor: Sentencia no reconocida: [0m
